<?xml version="1.0" encoding="UTF-8"?>
<!-- Generated by org.testng.reporters.JUnitReportReporter -->
<testsuite skipped="0" hostname="Kannapi" name="homeWork.MultiSelectObsquraSite" tests="1" failures="0" timestamp="23 Nov 2022 17:08:40 GMT" time="12.743" errors="0">
  <testcase name="multiSelectStates" time="12.743" classname="homeWork.MultiSelectObsquraSite"/>
</testsuite> <!-- homeWork.MultiSelectObsquraSite -->
