<?xml version="1.0" encoding="UTF-8"?>
<!-- Generated by org.testng.reporters.JUnitReportReporter -->
<testsuite skipped="0" hostname="Kannapi" name="com.obsqura.selenium.TestNGSample.TestNGAnnotations" tests="1" failures="0" timestamp="17 Nov 2022 16:28:07 GMT" time="8.053" errors="0">
  <testcase name="testmethod" time="8.053" classname="com.obsqura.selenium.TestNGSample.TestNGAnnotations"/>
</testsuite> <!-- com.obsqura.selenium.TestNGSample.TestNGAnnotations -->
