<?xml version="1.0" encoding="UTF-8"?>
<!-- Generated by org.testng.reporters.JUnitReportReporter -->
<testsuite skipped="0" hostname="Kannapi" name="homeWork.CheckRadioButtonGuru99Site" tests="2" failures="0" timestamp="22 Nov 2022 03:08:58 GMT" time="29.890" errors="0">
  <testcase name="checkRadioButtonsSelected" time="11.044" classname="homeWork.CheckRadioButtonGuru99Site"/>
  <testcase name="selectNoRadioButton" time="18.846" classname="homeWork.CheckRadioButtonGuru99Site"/>
</testsuite> <!-- homeWork.CheckRadioButtonGuru99Site -->
