<?xml version="1.0" encoding="UTF-8"?>
<!-- Generated by org.testng.reporters.JUnitReportReporter -->
<testsuite skipped="0" hostname="Kannapi" name="com.obsqura.selenium.TestNGSample.CheckBackgroundColor" tests="5" failures="0" timestamp="15 Nov 2022 01:07:10 GMT" time="0.761" errors="0">
  <testcase name="compareLocation" time="0.067" classname="com.obsqura.selenium.TestNGSample.CheckBackgroundColor"/>
  <testcase name="checkBgColor" time="0.101" classname="com.obsqura.selenium.TestNGSample.CheckBackgroundColor"/>
  <testcase name="checkTextColor" time="0.073" classname="com.obsqura.selenium.TestNGSample.CheckBackgroundColor"/>
  <testcase name="getAttribute" time="0.190" classname="com.obsqura.selenium.TestNGSample.CheckBackgroundColor"/>
  <testcase name="checkFieldAndMessage" time="0.330" classname="com.obsqura.selenium.TestNGSample.CheckBackgroundColor"/>
</testsuite> <!-- com.obsqura.selenium.TestNGSample.CheckBackgroundColor -->
