<?xml version="1.0" encoding="UTF-8"?>
<!-- Generated by org.testng.reporters.JUnitReportReporter -->
<testsuite skipped="0" hostname="Kannapi" name="com.obsqura.selenium.TestNGSample.MultipleCheckboxSelection" tests="3" failures="0" timestamp="22 Nov 2022 13:39:14 GMT" time="13.954" errors="0">
  <testcase name="allCheckboxSelectedAndClickSelectButton" time="3.899" classname="com.obsqura.selenium.TestNGSample.MultipleCheckboxSelection"/>
  <testcase name="noMultipleCheckboxSelection" time="6.031" classname="com.obsqura.selenium.TestNGSample.MultipleCheckboxSelection"/>
  <testcase name="allMultipleCheckboxSelection" time="4.024" classname="com.obsqura.selenium.TestNGSample.MultipleCheckboxSelection"/>
</testsuite> <!-- com.obsqura.selenium.TestNGSample.MultipleCheckboxSelection -->
