<?xml version="1.0" encoding="UTF-8"?>
<!-- Generated by org.testng.reporters.JUnitReportReporter -->
<testsuite skipped="0" hostname="Kannapi" name="homeWork.CheckBoxesTutorialsPointSite" tests="2" failures="0" timestamp="22 Nov 2022 16:09:22 GMT" time="138.612" errors="0">
  <testcase name="selectWebdriverCheckbox" time="96.862" classname="homeWork.CheckBoxesTutorialsPointSite"/>
  <testcase name="checkBoxesSelectedOrNot" time="41.750" classname="homeWork.CheckBoxesTutorialsPointSite"/>
</testsuite> <!-- homeWork.CheckBoxesTutorialsPointSite -->
