<?xml version="1.0" encoding="UTF-8"?>
<!-- Generated by org.testng.reporters.JUnitReportReporter -->
<testsuite skipped="0" hostname="Kannapi" name="FormSubmitObsqSite" tests="1" failures="0" timestamp="16 Nov 2022 20:40:27 GMT" time="1.387" errors="0">
  <testcase name="subForm" time="1.387" classname="FormSubmitObsqSite"/>
</testsuite> <!-- FormSubmitObsqSite -->
