<?xml version="1.0" encoding="UTF-8"?>
<!-- Generated by org.testng.reporters.JUnitReportReporter -->
<testsuite skipped="0" hostname="Kannapi" name="com.obsqura.selenium.TestNGSample.FindElementsSample" tests="2" failures="0" timestamp="17 Nov 2022 15:19:40 GMT" time="0.779" errors="0">
  <testcase name="datePickerMethod" time="0.206" classname="com.obsqura.selenium.TestNGSample.FindElementsSample"/>
  <testcase name="findElementsMethod" time="0.573" classname="com.obsqura.selenium.TestNGSample.FindElementsSample"/>
</testsuite> <!-- com.obsqura.selenium.TestNGSample.FindElementsSample -->
