<?xml version="1.0" encoding="UTF-8"?>
<!-- Generated by org.testng.reporters.JUnitReportReporter -->
<testsuite skipped="0" hostname="Kannapi" name="com.obsqura.selenium.TestNGSample.RadioButtonSelection" tests="2" failures="0" timestamp="17 Nov 2022 16:09:48 GMT" time="11.452" errors="0">
  <testcase name="radioButtonFemaleClick" time="4.306" classname="com.obsqura.selenium.TestNGSample.RadioButtonSelection"/>
  <testcase name="radioButtonMaleClick" time="7.146" classname="com.obsqura.selenium.TestNGSample.RadioButtonSelection"/>
</testsuite> <!-- com.obsqura.selenium.TestNGSample.RadioButtonSelection -->
