<?xml version="1.0" encoding="UTF-8"?>
<!-- Generated by org.testng.reporters.JUnitReportReporter -->
<testsuite skipped="0" hostname="Kannapi" name="com.obsqura.selenium.TestNGSample.RadioButtonSelection" tests="3" failures="0" timestamp="20 Nov 2022 16:24:19 GMT" time="21.291" errors="0">
  <testcase name="radioButtonFemaleClick" time="5.229" classname="com.obsqura.selenium.TestNGSample.RadioButtonSelection"/>
  <testcase name="noSelection" time="5.531" classname="com.obsqura.selenium.TestNGSample.RadioButtonSelection"/>
  <testcase name="radioButtonMaleClick" time="10.531" classname="com.obsqura.selenium.TestNGSample.RadioButtonSelection"/>
</testsuite> <!-- com.obsqura.selenium.TestNGSample.RadioButtonSelection -->
