<?xml version="1.0" encoding="UTF-8"?>
<!-- Generated by org.testng.reporters.JUnitReportReporter -->
<testsuite skipped="0" hostname="Kannapi" name="com.obsqura.selenium.TestNGSample.SoftAssertSample" tests="1" failures="0" timestamp="15 Nov 2022 18:26:55 GMT" time="0.032" errors="0">
  <testcase name="softAssertMethod" time="0.032" classname="com.obsqura.selenium.TestNGSample.SoftAssertSample"/>
</testsuite> <!-- com.obsqura.selenium.TestNGSample.SoftAssertSample -->
