<?xml version="1.0" encoding="UTF-8"?>
<!-- Generated by org.testng.reporters.JUnitReportReporter -->
<testsuite skipped="0" hostname="Kannapi" name="com.obsqura.selenium.TestNGSample.SelectFromDropdown" tests="1" failures="0" timestamp="21 Nov 2022 17:09:08 GMT" time="5.983" errors="0">
  <testcase name="dropDownSelection" time="5.983" classname="com.obsqura.selenium.TestNGSample.SelectFromDropdown"/>
</testsuite> <!-- com.obsqura.selenium.TestNGSample.SelectFromDropdown -->
