<?xml version="1.0" encoding="UTF-8"?>
<!-- Generated by org.testng.reporters.JUnitReportReporter -->
<testsuite skipped="0" hostname="Kannapi" name="homeWork.SelectAustraliaFromDropdownTutorialsPointSite" tests="2" failures="0" timestamp="22 Nov 2022 17:41:39 GMT" time="149.492" errors="0">
  <testcase name="printAllElement" time="75.095" classname="homeWork.SelectAustraliaFromDropdownTutorialsPointSite"/>
  <testcase name="selectAustralia" time="74.397" classname="homeWork.SelectAustraliaFromDropdownTutorialsPointSite"/>
</testsuite> <!-- homeWork.SelectAustraliaFromDropdownTutorialsPointSite -->
